\BOOKMARK [1][-]{section.1}{\376\377\000E\000i\000n\000l\000e\000i\000t\000u\000n\000g}{}% 1
\BOOKMARK [2][-]{subsection.1.1}{\376\377\000D\000i\000e\000\040\000B\000e\000d\000e\000u\000t\000u\000n\000g\000\040\000v\000o\000n\000\040\000U\000n\000s\000i\000c\000h\000e\000r\000h\000e\000i\000t\000\040\000i\000n\000\040\000F\000i\000n\000a\000n\000z\000m\000\344\000r\000k\000t\000e\000n}{section.1}% 2
\BOOKMARK [2][-]{subsection.1.2}{\376\377\000Z\000i\000e\000l\000e\000\040\000d\000e\000r\000\040\000A\000r\000b\000e\000i\000t}{section.1}% 3
\BOOKMARK [1][-]{section.2}{\376\377\000T\000h\000e\000o\000r\000e\000t\000i\000s\000c\000h\000e\000\040\000G\000r\000u\000n\000d\000l\000a\000g\000e\000n}{}% 4
\BOOKMARK [2][-]{subsection.2.1}{\376\377\000T\000h\000e\000o\000r\000i\000e\000n\000\040\000z\000u\000r\000\040\000E\000n\000t\000s\000c\000h\000e\000i\000d\000u\000n\000g\000s\000f\000i\000n\000d\000u\000n\000g\000\040\000u\000n\000t\000e\000r\000\040\000U\000n\000s\000i\000c\000h\000e\000r\000h\000e\000i\000t}{section.2}% 5
\BOOKMARK [3][-]{subsubsection.2.1.1}{\376\377\000E\000r\000w\000a\000r\000t\000u\000n\000g\000s\000n\000u\000t\000z\000e\000n\000t\000h\000e\000o\000r\000i\000e}{subsection.2.1}% 6
\BOOKMARK [3][-]{subsubsection.2.1.2}{\376\377\000D\000u\000a\000l\000-\000P\000r\000o\000c\000e\000s\000s\000-\000T\000h\000e\000o\000r\000i\000e}{subsection.2.1}% 7
\BOOKMARK [2][-]{subsection.2.2}{\376\377\000D\000a\000t\000e\000n\000v\000i\000s\000u\000a\000l\000i\000s\000i\000e\000r\000u\000n\000g\000\040\000i\000n\000\040\000d\000e\000r\000\040\000F\000i\000n\000a\000n\000z\000w\000e\000l\000t}{section.2}% 8
\BOOKMARK [3][-]{subsubsection.2.2.1}{\376\377\000V\000i\000s\000u\000a\000l\000i\000s\000i\000e\000r\000u\000n\000g\000s\000p\000r\000o\000z\000e\000s\000s}{subsection.2.2}% 9
\BOOKMARK [3][-]{subsubsection.2.2.2}{\376\377\000T\000e\000c\000h\000n\000i\000k\000e\000n\000\040\000z\000u\000r\000\040\000V\000i\000s\000u\000a\000l\000i\000s\000i\000e\000r\000u\000n\000g\000\040\000v\000o\000n\000\040\000U\000n\000i\000s\000c\000h\000e\000r\000h\000e\000i\000t\000e\000n}{subsection.2.2}% 10
\BOOKMARK [1][-]{section.3}{\376\377\000E\000i\000n\000f\000l\000u\000s\000s\000\040\000v\000o\000n\000\040\000V\000i\000s\000u\000a\000l\000i\000s\000i\000e\000r\000u\000n\000g\000s\000t\000e\000c\000h\000n\000i\000k\000e\000n\000\040\000a\000u\000f\000\040\000d\000i\000e\000\040\000R\000i\000s\000i\000k\000o\000w\000a\000h\000r\000n\000e\000h\000m\000u\000n\000g}{}% 11
\BOOKMARK [2][-]{subsection.3.1}{\376\377\000F\000a\000l\000l\000s\000t\000u\000d\000i\000e\000\040\000L\000o\000t\000t\000e\000r\000i\000e}{section.3}% 12
\BOOKMARK [2][-]{subsection.3.2}{\376\377\000F\000a\000l\000l\000s\000t\000u\000d\000i\000e\000\040\000F\000a\000n\000t\000a\000s\000y\000\040\000F\000o\000o\000t\000b\000a\000l\000l}{section.3}% 13
\BOOKMARK [1][-]{section.4}{\376\377\000V\000e\000r\000b\000e\000s\000s\000e\000r\000u\000n\000g\000\040\000d\000e\000r\000\040\000K\000o\000m\000m\000u\000n\000i\000k\000a\000t\000i\000o\000n\000\040\000d\000u\000r\000c\000h\000\040\000V\000i\000s\000u\000a\000l\000i\000s\000i\000e\000r\000u\000n\000g\000s\000t\000e\000c\000h\000n\000i\000k\000e\000n}{}% 14
\BOOKMARK [2][-]{subsection.4.1}{\376\377\000K\000o\000m\000m\000u\000n\000i\000k\000a\000t\000i\000o\000n\000\040\000z\000w\000i\000s\000c\000h\000e\000n\000\040\000F\000i\000n\000a\000n\000z\000a\000n\000a\000l\000y\000s\000t\000e\000n\000\040\000u\000n\000d\000\040\000L\000a\000i\000e\000n\000i\000n\000v\000e\000s\000t\000o\000r\000e\000n}{section.4}% 15
\BOOKMARK [2][-]{subsection.4.2}{\376\377\000E\000i\000n\000s\000a\000t\000z\000\040\000v\000o\000n\000\040\000V\000i\000s\000u\000a\000l\000i\000s\000i\000e\000r\000u\000n\000g\000e\000n\000\040\000z\000u\000r\000\040\000D\000a\000r\000s\000t\000e\000l\000l\000u\000n\000g\000\040\000v\000o\000n\000\040\000U\000n\000s\000i\000c\000h\000e\000r\000h\000e\000i\000t\000e\000n}{section.4}% 16
\BOOKMARK [1][-]{section.5}{\376\377\000\334\000b\000e\000r\000t\000r\000a\000g\000u\000n\000g\000\040\000v\000o\000n\000\040\000E\000r\000k\000e\000n\000n\000t\000n\000i\000s\000s\000e\000n\000\040\000a\000u\000s\000\040\000a\000n\000d\000e\000r\000e\000n\000\040\000D\000o\000m\000\344\000n\000e\000n}{}% 17
\BOOKMARK [2][-]{subsection.5.1}{\376\377\000B\000e\000i\000s\000p\000i\000e\000l\000e\000\040\000e\000r\000f\000o\000l\000g\000r\000e\000i\000c\000h\000e\000r\000\040\000V\000i\000s\000u\000a\000l\000i\000s\000i\000e\000r\000u\000n\000g\000s\000t\000e\000c\000h\000n\000i\000k\000e\000n\000\040\000a\000u\000s\000\040\000a\000n\000d\000e\000r\000e\000n\000\040\000B\000e\000r\000e\000i\000c\000h\000e\000n}{section.5}% 18
\BOOKMARK [2][-]{subsection.5.2}{\376\377\000A\000n\000w\000e\000n\000d\000b\000a\000r\000k\000e\000i\000t\000\040\000a\000u\000f\000\040\000d\000e\000n\000\040\000F\000i\000n\000a\000n\000z\000s\000e\000k\000t\000o\000r}{section.5}% 19
\BOOKMARK [1][-]{section.6}{\376\377\000F\000a\000z\000i\000t\000\040\000u\000n\000d\000\040\000A\000u\000s\000b\000l\000i\000c\000k}{}% 20
\BOOKMARK [2][-]{subsection.6.1}{\376\377\000Z\000u\000s\000a\000m\000m\000e\000n\000f\000a\000s\000s\000u\000n\000g\000\040\000d\000e\000r\000\040\000w\000i\000c\000h\000t\000i\000g\000s\000t\000e\000n\000\040\000E\000r\000k\000e\000n\000n\000t\000n\000i\000s\000s\000e}{section.6}% 21
\BOOKMARK [2][-]{subsection.6.2}{\376\377\000M\000\366\000g\000l\000i\000c\000h\000e\000\040\000z\000u\000k\000\374\000n\000f\000t\000i\000g\000e\000\040\000F\000o\000r\000s\000c\000h\000u\000n\000g\000s\000r\000i\000c\000h\000t\000u\000n\000g\000e\000n}{section.6}% 22
\BOOKMARK [1][-]{section*.4}{\376\377\000L\000i\000t\000e\000r\000a\000t\000u\000r\000v\000e\000r\000z\000e\000i\000c\000h\000n\000i\000s}{}% 23
\BOOKMARK [1][-]{section*.6}{\376\377\000E\000h\000r\000e\000n\000w\000\366\000r\000t\000l\000i\000c\000h\000e\000\040\000E\000r\000k\000l\000\344\000r\000u\000n\000g}{}% 24
